<?xml version="1.0" encoding="UTF-8"?>
<!-- Generated by org.testng.reporters.JUnitReportReporter -->
<testsuite hostname="INLEN8520050605" failures="0" tests="2" name="testrunner.LandingPage_TestRunner2" time="21.294" errors="0" timestamp="2023-06-08T20:39:02 IST" skipped="0">
  <testcase classname="testrunner.LandingPage_TestRunner2" name="runScenario" time="11.592"/>
  <system-out/>
  <testcase classname="testrunner.LandingPage_TestRunner2" name="runScenario" time="9.702"/>
  <system-out/>
</testsuite> <!-- testrunner.LandingPage_TestRunner2 -->
