<?xml version="1.0" encoding="UTF-8"?>
<!-- Generated by org.testng.reporters.JUnitReportReporter -->
<testsuite hostname="INLEN8520050605" failures="0" tests="3" name="testrunner.LandingPage_TestRunner1" time="65.314" errors="0" timestamp="2023-06-08T23:52:12 IST" skipped="0">
  <testcase classname="testrunner.LandingPage_TestRunner1" name="runScenario" time="34.920"/>
  <system-out/>
  <testcase classname="testrunner.LandingPage_TestRunner1" name="runScenario" time="13.181"/>
  <system-out/>
  <testcase classname="testrunner.LandingPage_TestRunner1" name="runScenario" time="17.213"/>
  <system-out/>
</testsuite> <!-- testrunner.LandingPage_TestRunner1 -->
